{
  "RSpec": {
    "coverage": {
      "/Users/Neuromancer/Documents/EclipseSpace/D3/Dewey_Decibel_Database/app/helpers/admin_page_helper.rb": [
        1,
        null
      ],
      "/Users/Neuromancer/Documents/EclipseSpace/D3/Dewey_Decibel_Database/app/helpers/application_helper.rb": [
        1,
        null
      ],
      "/Users/Neuromancer/Documents/EclipseSpace/D3/Dewey_Decibel_Database/app/helpers/home_page_helper.rb": [
        1,
        null
      ],
      "/Users/Neuromancer/Documents/EclipseSpace/D3/Dewey_Decibel_Database/app/helpers/playlist_page_helper.rb": [
        1,
        null
      ],
      "/Users/Neuromancer/Documents/EclipseSpace/D3/Dewey_Decibel_Database/app/helpers/playlists_helper.rb": [
        1,
        null
      ],
      "/Users/Neuromancer/Documents/EclipseSpace/D3/Dewey_Decibel_Database/app/helpers/privileges_helper.rb": [
        1,
        null
      ],
      "/Users/Neuromancer/Documents/EclipseSpace/D3/Dewey_Decibel_Database/app/helpers/songs_helper.rb": [
        1,
        null
      ],
      "/Users/Neuromancer/Documents/EclipseSpace/D3/Dewey_Decibel_Database/app/helpers/users_helper.rb": [
        1,
        null
      ],
      "/Users/Neuromancer/Documents/EclipseSpace/D3/Dewey_Decibel_Database/app/controllers/admin_page_controller.rb": [
        1,
        1,
        null,
        null
      ],
      "/Users/Neuromancer/Documents/EclipseSpace/D3/Dewey_Decibel_Database/app/controllers/application_controller.rb": [
        1,
        null,
        null,
        1,
        null
      ],
      "/Users/Neuromancer/Documents/EclipseSpace/D3/Dewey_Decibel_Database/app/controllers/playlist_page_controller.rb": [
        1,
        1,
        null,
        null
      ],
      "/Users/Neuromancer/Documents/EclipseSpace/D3/Dewey_Decibel_Database/app/controllers/playlists_controller.rb": [
        1,
        1,
        null,
        null,
        null,
        1,
        2,
        null,
        null,
        null,
        null,
        1,
        null,
        null,
        null,
        1,
        1,
        null,
        null,
        null,
        1,
        null,
        null,
        null,
        null,
        1,
        5,
        null,
        5,
        5,
        6,
        3,
        null,
        4,
        2,
        null,
        null,
        null,
        null,
        null,
        null,
        1,
        5,
        5,
        4,
        2,
        null,
        6,
        3,
        null,
        null,
        null,
        null,
        null,
        null,
        1,
        2,
        2,
        4,
        2,
        null,
        null,
        null,
        1,
        null,
        1,
        9,
        null,
        null,
        null,
        1,
        10,
        null,
        null
      ],
      "/Users/Neuromancer/Documents/EclipseSpace/D3/Dewey_Decibel_Database/app/controllers/privileges_controller.rb": [
        1,
        1,
        null,
        null,
        null,
        1,
        1,
        null,
        null,
        null,
        null,
        1,
        null,
        null,
        null,
        1,
        1,
        null,
        null,
        null,
        1,
        null,
        null,
        null,
        null,
        1,
        5,
        null,
        5,
        5,
        0,
        0,
        null,
        10,
        5,
        null,
        null,
        null,
        null,
        null,
        null,
        1,
        0,
        0,
        0,
        0,
        null,
        0,
        0,
        null,
        null,
        null,
        null,
        null,
        null,
        1,
        0,
        0,
        0,
        0,
        null,
        null,
        null,
        1,
        null,
        1,
        0,
        null,
        null,
        null,
        1,
        5,
        null,
        null
      ],
      "/Users/Neuromancer/Documents/EclipseSpace/D3/Dewey_Decibel_Database/app/controllers/songs_controller.rb": [
        1,
        1,
        null,
        null,
        null,
        1,
        1,
        null,
        null,
        null,
        null,
        1,
        null,
        null,
        null,
        1,
        1,
        null,
        null,
        null,
        1,
        null,
        null,
        null,
        null,
        1,
        5,
        null,
        5,
        5,
        0,
        0,
        null,
        4,
        2,
        null,
        null,
        null,
        null,
        null,
        null,
        1,
        0,
        0,
        0,
        0,
        null,
        0,
        0,
        null,
        null,
        null,
        null,
        null,
        null,
        1,
        0,
        0,
        0,
        0,
        null,
        null,
        null,
        1,
        null,
        1,
        0,
        null,
        null,
        null,
        1,
        5,
        null,
        null
      ],
      "/Users/Neuromancer/Documents/EclipseSpace/D3/Dewey_Decibel_Database/app/controllers/users_controller.rb": [
        1,
        1,
        null,
        null,
        null,
        1,
        2,
        null,
        null,
        null,
        null,
        1,
        null,
        null,
        null,
        1,
        1,
        null,
        null,
        null,
        1,
        null,
        null,
        null,
        null,
        1,
        5,
        5,
        null,
        0,
        0,
        0,
        0,
        null,
        0,
        0,
        null,
        null,
        null,
        null,
        null,
        null,
        1,
        5,
        5,
        0,
        0,
        0,
        null,
        0,
        0,
        null,
        null,
        null,
        null,
        null,
        null,
        1,
        2,
        2,
        4,
        2,
        null,
        null,
        null,
        1,
        null,
        1,
        9,
        null,
        null,
        null,
        1,
        5,
        null,
        null
      ],
      "/Users/Neuromancer/Documents/EclipseSpace/D3/Dewey_Decibel_Database/app/models/playlist.rb": [
        1,
        null,
        null
      ],
      "/Users/Neuromancer/Documents/EclipseSpace/D3/Dewey_Decibel_Database/app/models/privilege.rb": [
        1,
        null,
        1,
        null,
        null,
        null,
        null,
        null,
        1,
        1,
        1,
        1,
        1,
        1,
        1,
        1,
        null,
        1,
        0,
        null,
        null,
        1,
        0,
        null,
        null
      ],
      "/Users/Neuromancer/Documents/EclipseSpace/D3/Dewey_Decibel_Database/app/models/song.rb": [
        1,
        null,
        1,
        null,
        null
      ],
      "/Users/Neuromancer/Documents/EclipseSpace/D3/Dewey_Decibel_Database/app/models/user.rb": [
        1,
        1,
        null,
        null,
        null,
        null,
        null,
        null,
        null,
        null,
        null,
        null,
        null,
        null,
        null,
        null,
        null,
        null,
        null,
        null,
        null,
        null,
        null,
        null,
        null,
        null,
        null,
        null,
        null,
        null,
        null,
        null,
        null,
        null,
        null,
        null,
        null
      ]
    },
    "timestamp": 1397083007
  }
}
