{
  "RSpec": {
    "coverage": {
      "/Start/WORK/School/WISCO/SPRING_14/CS_638/d3/app/helpers/add_box_helper.rb": [
        1,
        null
      ],
      "/Start/WORK/School/WISCO/SPRING_14/CS_638/d3/app/helpers/add_page_helper.rb": [
        1,
        null
      ],
      "/Start/WORK/School/WISCO/SPRING_14/CS_638/d3/app/helpers/admin_inspect_helper.rb": [
        1,
        null
      ],
      "/Start/WORK/School/WISCO/SPRING_14/CS_638/d3/app/helpers/admin_page_helper.rb": [
        1,
        null
      ],
      "/Start/WORK/School/WISCO/SPRING_14/CS_638/d3/app/helpers/album_inspect_helper.rb": [
        1,
        null
      ],
      "/Start/WORK/School/WISCO/SPRING_14/CS_638/d3/app/helpers/application_helper.rb": [
        1,
        null
      ],
      "/Start/WORK/School/WISCO/SPRING_14/CS_638/d3/app/helpers/delete_playlist_conf_helper.rb": [
        1,
        null
      ],
      "/Start/WORK/School/WISCO/SPRING_14/CS_638/d3/app/helpers/delete_song_conf_helper.rb": [
        1,
        null
      ],
      "/Start/WORK/School/WISCO/SPRING_14/CS_638/d3/app/helpers/delete_user_conf_helper.rb": [
        1,
        null
      ],
      "/Start/WORK/School/WISCO/SPRING_14/CS_638/d3/app/helpers/home_page_helper.rb": [
        1,
        null
      ],
      "/Start/WORK/School/WISCO/SPRING_14/CS_638/d3/app/helpers/playlist_page_helper.rb": [
        1,
        null
      ],
      "/Start/WORK/School/WISCO/SPRING_14/CS_638/d3/app/helpers/playlists_helper.rb": [
        1,
        null
      ],
      "/Start/WORK/School/WISCO/SPRING_14/CS_638/d3/app/helpers/privileges_helper.rb": [
        1,
        null
      ],
      "/Start/WORK/School/WISCO/SPRING_14/CS_638/d3/app/helpers/search_box_helper.rb": [
        1,
        null
      ],
      "/Start/WORK/School/WISCO/SPRING_14/CS_638/d3/app/helpers/song_inspect_helper.rb": [
        1,
        null
      ],
      "/Start/WORK/School/WISCO/SPRING_14/CS_638/d3/app/helpers/songs_helper.rb": [
        1,
        null
      ],
      "/Start/WORK/School/WISCO/SPRING_14/CS_638/d3/app/helpers/users_helper.rb": [
        1,
        null
      ],
      "/Start/WORK/School/WISCO/SPRING_14/CS_638/d3/app/controllers/add_box_controller.rb": [
        1,
        1,
        null,
        1,
        null,
        1,
        0,
        0,
        0,
        null,
        null,
        1,
        null,
        null,
        0,
        null,
        0,
        0,
        0,
        null,
        0,
        0,
        0,
        null,
        0,
        0,
        0,
        null,
        null,
        0,
        0,
        0,
        null,
        0,
        0,
        0,
        0,
        null,
        null,
        null
      ],
      "/Start/WORK/School/WISCO/SPRING_14/CS_638/d3/app/controllers/application_controller.rb": [
        1,
        null,
        null,
        1,
        null
      ],
      "/Start/WORK/School/WISCO/SPRING_14/CS_638/d3/app/controllers/add_page_controller.rb": [
        1,
        1,
        1,
        1,
        1,
        1,
        null,
        null,
        null,
        null,
        null,
        null,
        null,
        null,
        null,
        null,
        null,
        null,
        null,
        null,
        null,
        1,
        0,
        0,
        0,
        0,
        0,
        0,
        null,
        0,
        0,
        0,
        null,
        null,
        null,
        null,
        null,
        null,
        null,
        null,
        null,
        null,
        null,
        null,
        null,
        null,
        null,
        null,
        null,
        null,
        null,
        null,
        null,
        null,
        null,
        null,
        null,
        null,
        null,
        null,
        null,
        null,
        null
      ],
      "/Start/WORK/School/WISCO/SPRING_14/CS_638/d3/app/controllers/admin_page_controller.rb": [
        1,
        1,
        1,
        null,
        1,
        1,
        null,
        1,
        null,
        null,
        null
      ],
      "/Start/WORK/School/WISCO/SPRING_14/CS_638/d3/app/controllers/album_inspect_controller.rb": [
        1,
        1,
        1,
        1,
        0,
        0,
        0,
        0,
        0,
        0,
        0,
        null,
        null,
        1,
        0,
        0,
        0,
        0,
        0,
        0,
        0,
        0,
        0,
        0,
        0,
        null,
        null,
        null,
        1,
        0,
        0,
        0,
        null,
        null,
        1,
        0,
        0,
        0,
        0,
        0,
        null,
        null,
        1,
        null,
        0,
        0,
        0,
        0,
        0,
        0,
        0,
        0,
        0,
        null,
        0,
        0,
        null,
        0,
        null,
        null,
        null,
        1,
        0,
        0,
        null,
        0,
        null,
        0,
        0,
        0,
        0,
        null,
        0,
        null,
        null,
        null,
        1,
        0,
        0,
        0,
        0,
        null,
        0,
        null,
        0,
        0,
        0,
        null,
        null,
        null,
        null,
        null,
        null
      ],
      "/Start/WORK/School/WISCO/SPRING_14/CS_638/d3/app/controllers/playlist_page_controller.rb": [
        1,
        null,
        null,
        null,
        null,
        1,
        null,
        0,
        null,
        0,
        0,
        null,
        0,
        null,
        null,
        null,
        null,
        1,
        0,
        0,
        0,
        null,
        0,
        null,
        null,
        null,
        null,
        null,
        null,
        1,
        null,
        null,
        null
      ],
      "/Start/WORK/School/WISCO/SPRING_14/CS_638/d3/app/controllers/playlists_controller.rb": [
        1,
        1,
        null,
        null,
        null,
        1,
        2,
        null,
        null,
        null,
        null,
        1,
        null,
        null,
        null,
        1,
        1,
        null,
        1,
        null,
        1,
        1,
        null,
        1,
        null,
        null,
        null,
        null,
        1,
        null,
        null,
        null,
        null,
        1,
        null,
        5,
        null,
        5,
        5,
        6,
        3,
        null,
        4,
        2,
        null,
        null,
        null,
        null,
        null,
        1,
        0,
        null,
        0,
        null,
        null,
        null,
        null,
        null,
        1,
        null,
        null,
        5,
        null,
        5,
        5,
        4,
        2,
        null,
        6,
        3,
        null,
        null,
        null,
        null,
        null,
        null,
        1,
        2,
        2,
        4,
        2,
        null,
        null,
        null,
        null,
        1,
        null,
        null,
        null,
        1,
        null,
        1,
        9,
        null,
        null,
        null,
        1,
        10,
        null,
        null,
        null
      ],
      "/Start/WORK/School/WISCO/SPRING_14/CS_638/d3/app/controllers/privileges_controller.rb": [
        1,
        1,
        null,
        null,
        null,
        1,
        1,
        null,
        null,
        null,
        null,
        1,
        null,
        null,
        null,
        1,
        1,
        null,
        null,
        null,
        1,
        null,
        null,
        null,
        null,
        1,
        5,
        null,
        5,
        5,
        0,
        0,
        null,
        10,
        5,
        null,
        null,
        null,
        null,
        null,
        null,
        1,
        null,
        0,
        null,
        0,
        0,
        0,
        0,
        null,
        0,
        0,
        null,
        null,
        null,
        null,
        null,
        null,
        1,
        0,
        0,
        0,
        0,
        null,
        null,
        null,
        1,
        null,
        1,
        0,
        null,
        null,
        null,
        1,
        5,
        null,
        null
      ],
      "/Start/WORK/School/WISCO/SPRING_14/CS_638/d3/app/controllers/search_box_controller.rb": [
        1,
        null,
        1,
        0,
        null,
        0,
        0,
        null,
        0,
        null,
        null,
        null
      ],
      "/Start/WORK/School/WISCO/SPRING_14/CS_638/d3/app/controllers/song_inspect_controller.rb": [
        1,
        null,
        1,
        0,
        null,
        null
      ],
      "/Start/WORK/School/WISCO/SPRING_14/CS_638/d3/app/controllers/songs_controller.rb": [
        1,
        1,
        null,
        null,
        null,
        1,
        1,
        null,
        1,
        1,
        1,
        null,
        null,
        1,
        0,
        null,
        null,
        null,
        null,
        null,
        null,
        1,
        null,
        null,
        null,
        1,
        1,
        null,
        null,
        null,
        1,
        null,
        null,
        null,
        null,
        1,
        5,
        null,
        5,
        5,
        0,
        0,
        null,
        10,
        5,
        null,
        null,
        null,
        null,
        null,
        null,
        1,
        null,
        0,
        0,
        0,
        null,
        0,
        null,
        null,
        null,
        null,
        null,
        1,
        0,
        0,
        0,
        0,
        null,
        null,
        null,
        1,
        null,
        1,
        0,
        null,
        null,
        null,
        1,
        5,
        null,
        null
      ],
      "/Start/WORK/School/WISCO/SPRING_14/CS_638/d3/app/controllers/users_controller.rb": [
        1,
        1,
        null,
        null,
        null,
        1,
        1,
        null,
        null,
        null,
        null,
        1,
        null,
        null,
        null,
        1,
        1,
        null,
        null,
        null,
        1,
        null,
        null,
        null,
        null,
        1,
        5,
        5,
        5,
        0,
        null,
        5,
        5,
        null,
        null,
        null,
        null,
        null,
        1,
        0,
        0,
        0,
        0,
        0,
        null,
        0,
        0,
        null,
        null,
        null,
        null,
        null,
        null,
        1,
        0,
        0,
        0,
        0,
        null,
        null,
        null,
        1,
        null,
        1,
        0,
        null,
        null,
        null,
        1,
        5,
        null,
        null
      ],
      "/Start/WORK/School/WISCO/SPRING_14/CS_638/d3/app/models/privilege.rb": [
        1,
        null,
        1,
        null,
        null,
        null,
        null,
        null,
        1,
        1,
        1,
        1,
        1,
        1,
        1,
        1,
        null,
        null,
        null,
        null
      ],
      "/Start/WORK/School/WISCO/SPRING_14/CS_638/d3/app/models/song.rb": [
        1,
        1,
        1,
        null,
        null,
        1,
        null,
        null,
        0,
        null,
        null,
        null,
        null,
        null,
        0,
        null,
        null,
        null,
        null,
        1,
        null,
        0,
        0,
        null,
        null,
        null,
        1,
        0,
        null,
        null,
        1,
        0,
        null,
        null,
        1,
        0,
        null,
        null,
        null
      ],
      "/Start/WORK/School/WISCO/SPRING_14/CS_638/d3/app/models/user.rb": [
        1,
        1,
        1,
        null,
        1,
        1,
        null,
        null,
        null,
        null,
        null,
        null,
        null,
        null,
        null,
        null,
        null,
        null,
        null
      ],
      "/Start/WORK/School/WISCO/SPRING_14/CS_638/d3/app/models/playlist.rb": [
        1,
        1,
        1,
        null,
        null,
        null,
        null,
        null,
        1,
        null,
        null,
        1,
        0,
        null,
        null,
        1,
        0,
        null,
        null,
        1,
        0,
        null,
        null,
        1,
        0,
        null,
        0,
        0,
        null,
        null,
        0,
        null,
        null,
        null,
        null
      ]
    },
    "timestamp": 1399342735
  }
}
